<?xml version="1.0" encoding="UTF-8"?>
<!-- Generated by org.testng.reporters.JUnitXMLReporter -->
<testsuite ignored="0" hostname="DESKTOP-9O4UC3P" failures="0" tests="3" name="Default test" time="0.863" errors="0" timestamp="2024-06-14T08:23:23 IST">
  <testcase classname="com.crm.qa.testcases.HashMapDemo" name="integrationTest" time="0.008"/>
  <testcase classname="com.crm.qa.testcases.HashMapDemo" name="integrationTest" time="0.001"/>
  <testcase classname="com.crm.qa.testcases.HashMapDemo" name="integrationTest" time="0.002"/>
</testsuite> <!-- Default test -->
