<?xml version="1.0" encoding="UTF-8"?>
<!-- Generated by org.testng.reporters.JUnitXMLReporter -->
<testsuite ignored="0" hostname="DESKTOP-9O4UC3P" failures="0" tests="9" name="Free CRM applicate TestCases" time="205.483" errors="0" timestamp="2024-05-02T15:56:04 IST">
  <testcase classname="com.crm.qa.testcases.LoginPageTest" name="crmTitleTest" time="0.022"/>
  <testcase classname="com.crm.qa.testcases.LoginPageTest" name="crmLogoTest" time="0.044"/>
  <testcase classname="com.crm.qa.testcases.LoginPageTest" name="loginPageTest" time="16.113"/>
  <testcase classname="com.crm.qa.testcases.HomePageTest" name="VerifyHomePageTitleTest" time="0.02"/>
  <testcase classname="com.crm.qa.testcases.HomePageTest" name="VerifyHomePageUsernameTest" time="0.128"/>
  <testcase classname="com.crm.qa.testcases.HomePageTest" name="VerifyClickOnContactsLinkTest" time="3.136"/>
  <testcase classname="com.crm.qa.testcases.ContactsPageTest" name="VerifyContactsLabelTest" time="0.042"/>
  <testcase classname="com.crm.qa.testcases.ContactsPageTest" name="selectMultipleContactsTest" time="0.344"/>
  <testcase classname="com.crm.qa.testcases.ContactsPageTest" name="selectSingleContactsTest" time="0.073"/>
</testsuite> <!-- Free CRM applicate TestCases -->
