<?xml version="1.0" encoding="UTF-8"?>
<testng-results ignored="0" total="3" passed="3" failed="0" skipped="0">
  <reporter-output>
  </reporter-output>
  <suite started-at="2024-06-14T08:23:22 IST" name="Default suite" finished-at="2024-06-14T08:23:23 IST" duration-ms="863">
    <groups>
    </groups>
    <test started-at="2024-06-14T08:23:22 IST" name="Default test" finished-at="2024-06-14T08:23:23 IST" duration-ms="863">
      <class name="com.crm.qa.testcases.HashMapDemo">
        <test-method signature="integrationTest(java.util.Map)[pri:0, instance:com.crm.qa.testcases.HashMapDemo@59474f18]" started-at="2024-06-14T08:23:23 IST" name="integrationTest" data-provider="data" finished-at="2024-06-14T08:23:23 IST" duration-ms="8" status="PASS">
          <params>
            <param index="0">
              <value>
                <![CDATA[{DoB=dob1, UserName=user1, Password=pwd1}]]>
              </value>
            </param>
          </params>
          <reporter-output>
          </reporter-output>
        </test-method> <!-- integrationTest -->
        <test-method signature="integrationTest(java.util.Map)[pri:0, instance:com.crm.qa.testcases.HashMapDemo@59474f18]" started-at="2024-06-14T08:23:23 IST" name="integrationTest" data-provider="data" finished-at="2024-06-14T08:23:23 IST" duration-ms="1" status="PASS">
          <params>
            <param index="0">
              <value>
                <![CDATA[{DoB=dob2, UserName=user2, Password=pwd2}]]>
              </value>
            </param>
          </params>
          <reporter-output>
          </reporter-output>
        </test-method> <!-- integrationTest -->
        <test-method signature="integrationTest(java.util.Map)[pri:0, instance:com.crm.qa.testcases.HashMapDemo@59474f18]" started-at="2024-06-14T08:23:23 IST" name="integrationTest" data-provider="data" finished-at="2024-06-14T08:23:23 IST" duration-ms="2" status="PASS">
          <params>
            <param index="0">
              <value>
                <![CDATA[{DoB=dob3, UserName=user3, Password=pwd3}]]>
              </value>
            </param>
          </params>
          <reporter-output>
          </reporter-output>
        </test-method> <!-- integrationTest -->
      </class> <!-- com.crm.qa.testcases.HashMapDemo -->
    </test> <!-- Default test -->
  </suite> <!-- Default suite -->
</testng-results>
